{"/Users/hermit.dave/Projects/h2h/kat/src/index.ts": {"path":"/Users/hermit.dave/Projects/h2h/kat/src/index.ts","statementMap":{"0":{"start":{"line":1,"column":0},"end":{"line":1,"column":9}},"1":{"start":{"line":1,"column":9},"end":{"line":1,"column":30}},"2":{"start":{"line":1,"column":30},"end":{"line":1,"column":42}},"3":{"start":{"line":1,"column":42},"end":{"line":1,"column":78}}},"fnMap":{"0":{"name":"(anonymous_0)","decl":{"start":{"line":1,"column":9},"end":{"line":1,"column":22}},"loc":{"start":{"line":1,"column":9},"end":{"line":1,"column":30}}},"1":{"name":"(anonymous_1)","decl":{"start":{"line":1,"column":30},"end":{"line":1,"column":40}},"loc":{"start":{"line":1,"column":30},"end":{"line":1,"column":42}}},"2":{"name":"(anonymous_2)","decl":{"start":{"line":1,"column":42},"end":{"line":1,"column":56}},"loc":{"start":{"line":1,"column":42},"end":{"line":1,"column":78}}}},"branchMap":{},"s":{"0":0,"1":0,"2":0,"3":0},"f":{"0":0,"1":0,"2":0},"b":{}}
,"/Users/hermit.dave/Projects/h2h/kat/src/scheduler.ts": {"path":"/Users/hermit.dave/Projects/h2h/kat/src/scheduler.ts","statementMap":{"0":{"start":{"line":4,"column":0},"end":{"line":4,"column":null}},"1":{"start":{"line":5,"column":2},"end":{"line":5,"column":null}},"2":{"start":{"line":6,"column":2},"end":{"line":6,"column":null}},"3":{"start":{"line":7,"column":2},"end":{"line":7,"column":null}},"4":{"start":{"line":28,"column":4},"end":{"line":28,"column":19}},"5":{"start":{"line":27,"column":38},"end":{"line":27,"column":50}},"6":{"start":{"line":29,"column":4},"end":{"line":29,"column":33}},"7":{"start":{"line":26,"column":0},"end":{"line":26,"column":13}},"8":{"start":{"line":63,"column":29},"end":{"line":63,"column":31}},"9":{"start":{"line":66,"column":4},"end":{"line":66,"column":35}},"10":{"start":{"line":70,"column":4},"end":{"line":70,"column":21}},"11":{"start":{"line":74,"column":4},"end":{"line":74,"column":21}},"12":{"start":{"line":78,"column":4},"end":{"line":78,"column":64}},"13":{"start":{"line":82,"column":4},"end":{"line":85,"column":5}},"14":{"start":{"line":83,"column":6},"end":{"line":83,"column":35}},"15":{"start":{"line":84,"column":6},"end":{"line":84,"column":25}},"16":{"start":{"line":89,"column":17},"end":{"line":89,"column":33}},"17":{"start":{"line":90,"column":4},"end":{"line":106,"column":5}},"18":{"start":{"line":91,"column":20},"end":{"line":91,"column":21}},"19":{"start":{"line":92,"column":19},"end":{"line":92,"column":36}},"20":{"start":{"line":93,"column":20},"end":{"line":93,"column":38}},"21":{"start":{"line":95,"column":6},"end":{"line":97,"column":7}},"22":{"start":{"line":96,"column":8},"end":{"line":96,"column":23}},"23":{"start":{"line":98,"column":6},"end":{"line":100,"column":7}},"24":{"start":{"line":99,"column":8},"end":{"line":99,"column":24}},"25":{"start":{"line":102,"column":6},"end":{"line":102,"column":31}},"26":{"start":{"line":102,"column":25},"end":{"line":102,"column":31}},"27":{"start":{"line":104,"column":6},"end":{"line":104,"column":28}},"28":{"start":{"line":105,"column":6},"end":{"line":105,"column":18}},"29":{"start":{"line":113,"column":14},"end":{"line":113,"column":26}},"30":{"start":{"line":114,"column":14},"end":{"line":114,"column":26}},"31":{"start":{"line":116,"column":4},"end":{"line":118,"column":5}},"32":{"start":{"line":117,"column":6},"end":{"line":117,"column":37}},"33":{"start":{"line":119,"column":4},"end":{"line":121,"column":5}},"34":{"start":{"line":120,"column":6},"end":{"line":120,"column":39}},"35":{"start":{"line":122,"column":4},"end":{"line":122,"column":37}},"36":{"start":{"line":126,"column":4},"end":{"line":126,"column":25}},"37":{"start":{"line":127,"column":4},"end":{"line":127,"column":38}},"38":{"start":{"line":131,"column":17},"end":{"line":131,"column":33}},"39":{"start":{"line":132,"column":4},"end":{"line":134,"column":5}},"40":{"start":{"line":133,"column":6},"end":{"line":133,"column":18}},"41":{"start":{"line":136,"column":4},"end":{"line":136,"column":28}},"42":{"start":{"line":137,"column":4},"end":{"line":137,"column":25}},"43":{"start":{"line":140,"column":4},"end":{"line":140,"column":28}},"44":{"start":{"line":145,"column":16},"end":{"line":145,"column":18}},"45":{"start":{"line":146,"column":4},"end":{"line":151,"column":5}},"46":{"start":{"line":146,"column":17},"end":{"line":146,"column":18}},"47":{"start":{"line":147,"column":6},"end":{"line":150,"column":7}},"48":{"start":{"line":148,"column":8},"end":{"line":148,"column":18}},"49":{"start":{"line":149,"column":8},"end":{"line":149,"column":14}},"50":{"start":{"line":153,"column":4},"end":{"line":153,"column":34}},"51":{"start":{"line":153,"column":22},"end":{"line":153,"column":34}},"52":{"start":{"line":155,"column":4},"end":{"line":155,"column":32}},"53":{"start":{"line":159,"column":4},"end":{"line":159,"column":54}},"54":{"start":{"line":163,"column":4},"end":{"line":163,"column":28}},"55":{"start":{"line":167,"column":4},"end":{"line":167,"column":34}},"56":{"start":{"line":171,"column":4},"end":{"line":171,"column":21}},"57":{"start":{"line":186,"column":45},"end":{"line":186,"column":54}},"58":{"start":{"line":187,"column":26},"end":{"line":187,"column":39}},"59":{"start":{"line":188,"column":34},"end":{"line":188,"column":35}},"60":{"start":{"line":194,"column":15},"end":{"line":194,"column":43}},"61":{"start":{"line":196,"column":4},"end":{"line":198,"column":5}},"62":{"start":{"line":197,"column":6},"end":{"line":197,"column":88}},"63":{"start":{"line":200,"column":16},"end":{"line":200,"column":26}},"64":{"start":{"line":201,"column":33},"end":{"line":207,"column":6}},"65":{"start":{"line":210,"column":4},"end":{"line":214,"column":5}},"66":{"start":{"line":211,"column":6},"end":{"line":213,"column":7}},"67":{"start":{"line":212,"column":8},"end":{"line":212,"column":95}},"68":{"start":{"line":217,"column":38},"end":{"line":220,"column":6}},"69":{"start":{"line":223,"column":4},"end":{"line":228,"column":5}},"70":{"start":{"line":224,"column":21},"end":{"line":224,"column":42}},"71":{"start":{"line":225,"column":6},"end":{"line":227,"column":7}},"72":{"start":{"line":226,"column":8},"end":{"line":226,"column":43}},"73":{"start":{"line":230,"column":35},"end":{"line":233,"column":6}},"74":{"start":{"line":235,"column":4},"end":{"line":235,"column":33}},"75":{"start":{"line":236,"column":4},"end":{"line":241,"column":7}},"76":{"start":{"line":243,"column":4},"end":{"line":243,"column":14}},"77":{"start":{"line":251,"column":16},"end":{"line":251,"column":26}},"78":{"start":{"line":257,"column":20},"end":{"line":257,"column":36}},"79":{"start":{"line":258,"column":4},"end":{"line":258,"column":30}},"80":{"start":{"line":258,"column":18},"end":{"line":258,"column":30}},"81":{"start":{"line":260,"column":24},"end":{"line":260,"column":54}},"82":{"start":{"line":262,"column":6},"end":{"line":269,"column":null}},"83":{"start":{"line":267,"column":22},"end":{"line":267,"column":43}},"84":{"start":{"line":268,"column":10},"end":{"line":268,"column":65}},"85":{"start":{"line":272,"column":4},"end":{"line":274,"column":5}},"86":{"start":{"line":273,"column":6},"end":{"line":273,"column":31}},"87":{"start":{"line":278,"column":40},"end":{"line":278,"column":42}},"88":{"start":{"line":280,"column":4},"end":{"line":300,"column":5}},"89":{"start":{"line":281,"column":23},"end":{"line":281,"column":50}},"90":{"start":{"line":282,"column":6},"end":{"line":284,"column":7}},"91":{"start":{"line":283,"column":8},"end":{"line":283,"column":17}},"92":{"start":{"line":286,"column":6},"end":{"line":288,"column":7}},"93":{"start":{"line":287,"column":8},"end":{"line":287,"column":17}},"94":{"start":{"line":290,"column":28},"end":{"line":294,"column":null}},"95":{"start":{"line":292,"column":22},"end":{"line":292,"column":43}},"96":{"start":{"line":293,"column":10},"end":{"line":293,"column":65}},"97":{"start":{"line":297,"column":6},"end":{"line":299,"column":7}},"98":{"start":{"line":298,"column":8},"end":{"line":298,"column":35}},"99":{"start":{"line":302,"column":4},"end":{"line":304,"column":5}},"100":{"start":{"line":303,"column":6},"end":{"line":303,"column":18}},"101":{"start":{"line":307,"column":4},"end":{"line":311,"column":7}},"102":{"start":{"line":308,"column":6},"end":{"line":308,"column":68}},"103":{"start":{"line":308,"column":37},"end":{"line":308,"column":68}},"104":{"start":{"line":309,"column":6},"end":{"line":309,"column":72}},"105":{"start":{"line":309,"column":39},"end":{"line":309,"column":72}},"106":{"start":{"line":310,"column":6},"end":{"line":310,"column":39}},"107":{"start":{"line":313,"column":4},"end":{"line":313,"column":59}},"108":{"start":{"line":320,"column":21},"end":{"line":320,"column":43}},"109":{"start":{"line":321,"column":4},"end":{"line":323,"column":5}},"110":{"start":{"line":322,"column":6},"end":{"line":322,"column":79}},"111":{"start":{"line":325,"column":4},"end":{"line":325,"column":48}},"112":{"start":{"line":328,"column":4},"end":{"line":334,"column":5}},"113":{"start":{"line":329,"column":24},"end":{"line":329,"column":51}},"114":{"start":{"line":330,"column":6},"end":{"line":333,"column":7}},"115":{"start":{"line":341,"column":21},"end":{"line":341,"column":43}},"116":{"start":{"line":342,"column":4},"end":{"line":344,"column":5}},"117":{"start":{"line":343,"column":6},"end":{"line":343,"column":79}},"118":{"start":{"line":346,"column":4},"end":{"line":346,"column":41}},"119":{"start":{"line":349,"column":4},"end":{"line":349,"column":29}},"120":{"start":{"line":350,"column":4},"end":{"line":355,"column":7}},"121":{"start":{"line":362,"column":21},"end":{"line":362,"column":43}},"122":{"start":{"line":363,"column":4},"end":{"line":365,"column":5}},"123":{"start":{"line":364,"column":6},"end":{"line":364,"column":79}},"124":{"start":{"line":367,"column":4},"end":{"line":367,"column":43}},"125":{"start":{"line":370,"column":4},"end":{"line":370,"column":29}},"126":{"start":{"line":371,"column":4},"end":{"line":376,"column":7}},"127":{"start":{"line":383,"column":17},"end":{"line":383,"column":39}},"128":{"start":{"line":384,"column":23},"end":{"line":384,"column":51}},"129":{"start":{"line":386,"column":4},"end":{"line":388,"column":5}},"130":{"start":{"line":387,"column":6},"end":{"line":387,"column":79}},"131":{"start":{"line":389,"column":4},"end":{"line":391,"column":5}},"132":{"start":{"line":390,"column":6},"end":{"line":390,"column":95}},"133":{"start":{"line":394,"column":4},"end":{"line":399,"column":5}},"134":{"start":{"line":395,"column":6},"end":{"line":398,"column":8}},"135":{"start":{"line":401,"column":4},"end":{"line":401,"column":49}},"136":{"start":{"line":402,"column":4},"end":{"line":402,"column":47}},"137":{"start":{"line":405,"column":4},"end":{"line":407,"column":5}},"138":{"start":{"line":414,"column":17},"end":{"line":414,"column":39}},"139":{"start":{"line":415,"column":4},"end":{"line":417,"column":5}},"140":{"start":{"line":416,"column":6},"end":{"line":416,"column":79}},"141":{"start":{"line":419,"column":4},"end":{"line":419,"column":52}},"142":{"start":{"line":421,"column":23},"end":{"line":421,"column":51}},"143":{"start":{"line":422,"column":4},"end":{"line":424,"column":5}},"144":{"start":{"line":423,"column":6},"end":{"line":423,"column":52}},"145":{"start":{"line":431,"column":21},"end":{"line":431,"column":43}},"146":{"start":{"line":432,"column":4},"end":{"line":434,"column":5}},"147":{"start":{"line":433,"column":6},"end":{"line":433,"column":79}},"148":{"start":{"line":436,"column":4},"end":{"line":436,"column":39}},"149":{"start":{"line":443,"column":21},"end":{"line":443,"column":43}},"150":{"start":{"line":444,"column":4},"end":{"line":446,"column":5}},"151":{"start":{"line":445,"column":6},"end":{"line":445,"column":79}},"152":{"start":{"line":449,"column":4},"end":{"line":449,"column":29}},"153":{"start":{"line":452,"column":4},"end":{"line":457,"column":5}},"154":{"start":{"line":453,"column":24},"end":{"line":453,"column":51}},"155":{"start":{"line":454,"column":6},"end":{"line":456,"column":7}},"156":{"start":{"line":455,"column":8},"end":{"line":455,"column":55}},"157":{"start":{"line":460,"column":4},"end":{"line":460,"column":30}},"158":{"start":{"line":467,"column":21},"end":{"line":467,"column":43}},"159":{"start":{"line":468,"column":4},"end":{"line":468,"column":26}},"160":{"start":{"line":475,"column":18},"end":{"line":475,"column":19}},"161":{"start":{"line":476,"column":20},"end":{"line":476,"column":21}},"162":{"start":{"line":477,"column":17},"end":{"line":477,"column":18}},"163":{"start":{"line":479,"column":4},"end":{"line":491,"column":5}},"164":{"start":{"line":480,"column":6},"end":{"line":490,"column":7}},"165":{"start":{"line":482,"column":10},"end":{"line":482,"column":20}},"166":{"start":{"line":483,"column":10},"end":{"line":483,"column":16}},"167":{"start":{"line":485,"column":10},"end":{"line":485,"column":22}},"168":{"start":{"line":486,"column":10},"end":{"line":486,"column":16}},"169":{"start":{"line":488,"column":10},"end":{"line":488,"column":19}},"170":{"start":{"line":489,"column":10},"end":{"line":489,"column":16}},"171":{"start":{"line":493,"column":4},"end":{"line":498,"column":6}},"172":{"start":{"line":506,"column":4},"end":{"line":508,"column":5}},"173":{"start":{"line":507,"column":6},"end":{"line":507,"column":18}},"174":{"start":{"line":511,"column":20},"end":{"line":511,"column":37}},"175":{"start":{"line":512,"column":18},"end":{"line":512,"column":32}},"176":{"start":{"line":514,"column":4},"end":{"line":532,"column":5}},"177":{"start":{"line":515,"column":22},"end":{"line":515,"column":34}},"178":{"start":{"line":517,"column":6},"end":{"line":519,"column":7}},"179":{"start":{"line":518,"column":8},"end":{"line":518,"column":20}},"180":{"start":{"line":521,"column":6},"end":{"line":523,"column":7}},"181":{"start":{"line":522,"column":8},"end":{"line":522,"column":17}},"182":{"start":{"line":524,"column":6},"end":{"line":524,"column":27}},"183":{"start":{"line":526,"column":30},"end":{"line":526,"column":53}},"184":{"start":{"line":527,"column":6},"end":{"line":531,"column":7}},"185":{"start":{"line":528,"column":8},"end":{"line":530,"column":9}},"186":{"start":{"line":529,"column":10},"end":{"line":529,"column":26}},"187":{"start":{"line":534,"column":4},"end":{"line":534,"column":17}},"188":{"start":{"line":541,"column":4},"end":{"line":541,"column":56}},"189":{"start":{"line":185,"column":0},"end":{"line":185,"column":13}}},"fnMap":{"0":{"name":"(anonymous_0)","decl":{"start":{"line":4,"column":0},"end":{"line":4,"column":12}},"loc":{"start":{"line":4,"column":22},"end":{"line":8,"column":1}}},"1":{"name":"(anonymous_1)","decl":{"start":{"line":27,"column":2},"end":{"line":27,"column":14}},"loc":{"start":{"line":27,"column":50},"end":{"line":30,"column":3}}},"2":{"name":"(anonymous_2)","decl":{"start":{"line":65,"column":10},"end":{"line":65,"column":16}},"loc":{"start":{"line":65,"column":26},"end":{"line":67,"column":3}}},"3":{"name":"(anonymous_3)","decl":{"start":{"line":69,"column":10},"end":{"line":69,"column":19}},"loc":{"start":{"line":69,"column":29},"end":{"line":71,"column":3}}},"4":{"name":"(anonymous_4)","decl":{"start":{"line":73,"column":10},"end":{"line":73,"column":20}},"loc":{"start":{"line":73,"column":30},"end":{"line":75,"column":3}}},"5":{"name":"(anonymous_5)","decl":{"start":{"line":77,"column":10},"end":{"line":77,"column":14}},"loc":{"start":{"line":77,"column":35},"end":{"line":79,"column":3}}},"6":{"name":"(anonymous_6)","decl":{"start":{"line":81,"column":10},"end":{"line":81,"column":16}},"loc":{"start":{"line":81,"column":26},"end":{"line":86,"column":3}}},"7":{"name":"(anonymous_7)","decl":{"start":{"line":88,"column":10},"end":{"line":88,"column":18}},"loc":{"start":{"line":88,"column":28},"end":{"line":107,"column":3}}},"8":{"name":"(anonymous_8)","decl":{"start":{"line":112,"column":10},"end":{"line":112,"column":17}},"loc":{"start":{"line":112,"column":38},"end":{"line":123,"column":3}}},"9":{"name":"(anonymous_9)","decl":{"start":{"line":125,"column":2},"end":{"line":125,"column":5}},"loc":{"start":{"line":125,"column":20},"end":{"line":128,"column":3}}},"10":{"name":"(anonymous_10)","decl":{"start":{"line":130,"column":2},"end":{"line":130,"column":10}},"loc":{"start":{"line":130,"column":24},"end":{"line":141,"column":3}}},"11":{"name":"(anonymous_11)","decl":{"start":{"line":143,"column":2},"end":{"line":143,"column":8}},"loc":{"start":{"line":143,"column":23},"end":{"line":156,"column":3}}},"12":{"name":"(anonymous_12)","decl":{"start":{"line":158,"column":2},"end":{"line":158,"column":6}},"loc":{"start":{"line":158,"column":6},"end":{"line":160,"column":3}}},"13":{"name":"(anonymous_13)","decl":{"start":{"line":162,"column":2},"end":{"line":162,"column":6}},"loc":{"start":{"line":162,"column":10},"end":{"line":164,"column":3}}},"14":{"name":"(anonymous_14)","decl":{"start":{"line":166,"column":2},"end":{"line":166,"column":6}},"loc":{"start":{"line":166,"column":13},"end":{"line":168,"column":3}}},"15":{"name":"(anonymous_15)","decl":{"start":{"line":170,"column":2},"end":{"line":170,"column":8}},"loc":{"start":{"line":170,"column":8},"end":{"line":172,"column":3}}},"16":{"name":"(anonymous_16)","decl":{"start":{"line":193,"column":2},"end":{"line":193,"column":9}},"loc":{"start":{"line":193,"column":20},"end":{"line":244,"column":3}}},"17":{"name":"(anonymous_17)","decl":{"start":{"line":250,"column":2},"end":{"line":250,"column":23}},"loc":{"start":{"line":250,"column":23},"end":{"line":314,"column":3}}},"18":{"name":"(anonymous_18)","decl":{"start":{"line":266,"column":8},"end":{"line":266,"column":13}},"loc":{"start":{"line":266,"column":16},"end":{"line":269,"column":9}}},"19":{"name":"(anonymous_19)","decl":{"start":{"line":291,"column":8},"end":{"line":291,"column":13}},"loc":{"start":{"line":291,"column":16},"end":{"line":294,"column":9}}},"20":{"name":"(anonymous_20)","decl":{"start":{"line":307,"column":25},"end":{"line":307,"column":26}},"loc":{"start":{"line":307,"column":34},"end":{"line":311,"column":5}}},"21":{"name":"(anonymous_21)","decl":{"start":{"line":319,"column":2},"end":{"line":319,"column":14}},"loc":{"start":{"line":319,"column":29},"end":{"line":335,"column":3}}},"22":{"name":"(anonymous_22)","decl":{"start":{"line":340,"column":2},"end":{"line":340,"column":20}},"loc":{"start":{"line":340,"column":56},"end":{"line":356,"column":3}}},"23":{"name":"(anonymous_23)","decl":{"start":{"line":361,"column":2},"end":{"line":361,"column":21}},"loc":{"start":{"line":361,"column":58},"end":{"line":377,"column":3}}},"24":{"name":"(anonymous_24)","decl":{"start":{"line":382,"column":2},"end":{"line":382,"column":15}},"loc":{"start":{"line":382,"column":52},"end":{"line":408,"column":3}}},"25":{"name":"(anonymous_25)","decl":{"start":{"line":413,"column":2},"end":{"line":413,"column":18}},"loc":{"start":{"line":413,"column":55},"end":{"line":425,"column":3}}},"26":{"name":"(anonymous_26)","decl":{"start":{"line":430,"column":2},"end":{"line":430,"column":19}},"loc":{"start":{"line":430,"column":71},"end":{"line":437,"column":3}}},"27":{"name":"(anonymous_27)","decl":{"start":{"line":442,"column":2},"end":{"line":442,"column":12}},"loc":{"start":{"line":442,"column":27},"end":{"line":461,"column":3}}},"28":{"name":"(anonymous_28)","decl":{"start":{"line":466,"column":2},"end":{"line":466,"column":9}},"loc":{"start":{"line":466,"column":24},"end":{"line":469,"column":3}}},"29":{"name":"(anonymous_29)","decl":{"start":{"line":474,"column":2},"end":{"line":474,"column":10}},"loc":{"start":{"line":474,"column":10},"end":{"line":499,"column":3}}},"30":{"name":"(anonymous_30)","decl":{"start":{"line":504,"column":10},"end":{"line":504,"column":26}},"loc":{"start":{"line":504,"column":63},"end":{"line":535,"column":3}}},"31":{"name":"(anonymous_31)","decl":{"start":{"line":540,"column":10},"end":{"line":540,"column":20}},"loc":{"start":{"line":540,"column":20},"end":{"line":542,"column":3}}}},"branchMap":{"0":{"loc":{"start":{"line":4,"column":12},"end":{"line":4,"column":null}},"type":"binary-expr","locations":[{"start":{"line":4,"column":12},"end":{"line":4,"column":22}},{"start":{"line":4,"column":22},"end":{"line":4,"column":null}}]},"1":{"loc":{"start":{"line":82,"column":11},"end":{"line":82,"column":55}},"type":"binary-expr","locations":[{"start":{"line":82,"column":11},"end":{"line":82,"column":16}},{"start":{"line":82,"column":20},"end":{"line":82,"column":55}}]},"2":{"loc":{"start":{"line":95,"column":6},"end":{"line":97,"column":7}},"type":"if","locations":[{"start":{"line":95,"column":6},"end":{"line":97,"column":7}}]},"3":{"loc":{"start":{"line":95,"column":10},"end":{"line":95,"column":56}},"type":"binary-expr","locations":[{"start":{"line":95,"column":10},"end":{"line":95,"column":21}},{"start":{"line":95,"column":25},"end":{"line":95,"column":56}}]},"4":{"loc":{"start":{"line":98,"column":6},"end":{"line":100,"column":7}},"type":"if","locations":[{"start":{"line":98,"column":6},"end":{"line":100,"column":7}}]},"5":{"loc":{"start":{"line":98,"column":10},"end":{"line":98,"column":58}},"type":"binary-expr","locations":[{"start":{"line":98,"column":10},"end":{"line":98,"column":22}},{"start":{"line":98,"column":26},"end":{"line":98,"column":58}}]},"6":{"loc":{"start":{"line":102,"column":6},"end":{"line":102,"column":31}},"type":"if","locations":[{"start":{"line":102,"column":6},"end":{"line":102,"column":31}}]},"7":{"loc":{"start":{"line":116,"column":4},"end":{"line":118,"column":5}},"type":"if","locations":[{"start":{"line":116,"column":4},"end":{"line":118,"column":5}}]},"8":{"loc":{"start":{"line":119,"column":4},"end":{"line":121,"column":5}},"type":"if","locations":[{"start":{"line":119,"column":4},"end":{"line":121,"column":5}}]},"9":{"loc":{"start":{"line":132,"column":4},"end":{"line":134,"column":5}},"type":"if","locations":[{"start":{"line":132,"column":4},"end":{"line":134,"column":5}}]},"10":{"loc":{"start":{"line":147,"column":6},"end":{"line":150,"column":7}},"type":"if","locations":[{"start":{"line":147,"column":6},"end":{"line":150,"column":7}}]},"11":{"loc":{"start":{"line":153,"column":4},"end":{"line":153,"column":34}},"type":"if","locations":[{"start":{"line":153,"column":4},"end":{"line":153,"column":34}}]},"12":{"loc":{"start":{"line":159,"column":11},"end":{"line":159,"column":53}},"type":"cond-expr","locations":[{"start":{"line":159,"column":34},"end":{"line":159,"column":46}},{"start":{"line":159,"column":49},"end":{"line":159,"column":53}}]},"13":{"loc":{"start":{"line":194,"column":15},"end":{"line":194,"column":43}},"type":"binary-expr","locations":[{"start":{"line":194,"column":15},"end":{"line":194,"column":22}},{"start":{"line":194,"column":26},"end":{"line":194,"column":43}}]},"14":{"loc":{"start":{"line":196,"column":4},"end":{"line":198,"column":5}},"type":"if","locations":[{"start":{"line":196,"column":4},"end":{"line":198,"column":5}}]},"15":{"loc":{"start":{"line":205,"column":17},"end":{"line":205,"column":38}},"type":"binary-expr","locations":[{"start":{"line":205,"column":17},"end":{"line":205,"column":31}},{"start":{"line":205,"column":35},"end":{"line":205,"column":38}}]},"16":{"loc":{"start":{"line":206,"column":20},"end":{"line":206,"column":43}},"type":"binary-expr","locations":[{"start":{"line":206,"column":20},"end":{"line":206,"column":37}},{"start":{"line":206,"column":41},"end":{"line":206,"column":43}}]},"17":{"loc":{"start":{"line":211,"column":6},"end":{"line":213,"column":7}},"type":"if","locations":[{"start":{"line":211,"column":6},"end":{"line":213,"column":7}}]},"18":{"loc":{"start":{"line":225,"column":6},"end":{"line":227,"column":7}},"type":"if","locations":[{"start":{"line":225,"column":6},"end":{"line":227,"column":7}}]},"19":{"loc":{"start":{"line":258,"column":4},"end":{"line":258,"column":30}},"type":"if","locations":[{"start":{"line":258,"column":4},"end":{"line":258,"column":30}}]},"20":{"loc":{"start":{"line":262,"column":6},"end":{"line":269,"column":null}},"type":"binary-expr","locations":[{"start":{"line":262,"column":6},"end":{"line":262,"column":17}},{"start":{"line":263,"column":6},"end":{"line":263,"column":52}},{"start":{"line":264,"column":6},"end":{"line":264,"column":30}},{"start":{"line":265,"column":6},"end":{"line":269,"column":null}}]},"21":{"loc":{"start":{"line":268,"column":17},"end":{"line":268,"column":64}},"type":"binary-expr","locations":[{"start":{"line":268,"column":17},"end":{"line":268,"column":20}},{"start":{"line":268,"column":24},"end":{"line":268,"column":64}}]},"22":{"loc":{"start":{"line":272,"column":4},"end":{"line":274,"column":5}},"type":"if","locations":[{"start":{"line":272,"column":4},"end":{"line":274,"column":5}}]},"23":{"loc":{"start":{"line":282,"column":6},"end":{"line":284,"column":7}},"type":"if","locations":[{"start":{"line":282,"column":6},"end":{"line":284,"column":7}}]},"24":{"loc":{"start":{"line":282,"column":10},"end":{"line":282,"column":66}},"type":"binary-expr","locations":[{"start":{"line":282,"column":10},"end":{"line":282,"column":19}},{"start":{"line":282,"column":23},"end":{"line":282,"column":66}}]},"25":{"loc":{"start":{"line":286,"column":6},"end":{"line":288,"column":7}},"type":"if","locations":[{"start":{"line":286,"column":6},"end":{"line":288,"column":7}}]},"26":{"loc":{"start":{"line":293,"column":17},"end":{"line":293,"column":64}},"type":"binary-expr","locations":[{"start":{"line":293,"column":17},"end":{"line":293,"column":20}},{"start":{"line":293,"column":24},"end":{"line":293,"column":64}}]},"27":{"loc":{"start":{"line":297,"column":6},"end":{"line":299,"column":7}},"type":"if","locations":[{"start":{"line":297,"column":6},"end":{"line":299,"column":7}}]},"28":{"loc":{"start":{"line":302,"column":4},"end":{"line":304,"column":5}},"type":"if","locations":[{"start":{"line":302,"column":4},"end":{"line":304,"column":5}}]},"29":{"loc":{"start":{"line":308,"column":6},"end":{"line":308,"column":68}},"type":"if","locations":[{"start":{"line":308,"column":6},"end":{"line":308,"column":68}}]},"30":{"loc":{"start":{"line":309,"column":6},"end":{"line":309,"column":72}},"type":"if","locations":[{"start":{"line":309,"column":6},"end":{"line":309,"column":72}}]},"31":{"loc":{"start":{"line":321,"column":4},"end":{"line":323,"column":5}},"type":"if","locations":[{"start":{"line":321,"column":4},"end":{"line":323,"column":5}}]},"32":{"loc":{"start":{"line":330,"column":6},"end":{"line":333,"column":7}},"type":"if","locations":[{"start":{"line":330,"column":6},"end":{"line":333,"column":7}}]},"33":{"loc":{"start":{"line":330,"column":10},"end":{"line":330,"column":67}},"type":"binary-expr","locations":[{"start":{"line":330,"column":10},"end":{"line":330,"column":19}},{"start":{"line":330,"column":23},"end":{"line":330,"column":67}}]},"34":{"loc":{"start":{"line":342,"column":4},"end":{"line":344,"column":5}},"type":"if","locations":[{"start":{"line":342,"column":4},"end":{"line":344,"column":5}}]},"35":{"loc":{"start":{"line":363,"column":4},"end":{"line":365,"column":5}},"type":"if","locations":[{"start":{"line":363,"column":4},"end":{"line":365,"column":5}}]},"36":{"loc":{"start":{"line":386,"column":4},"end":{"line":388,"column":5}},"type":"if","locations":[{"start":{"line":386,"column":4},"end":{"line":388,"column":5}}]},"37":{"loc":{"start":{"line":389,"column":4},"end":{"line":391,"column":5}},"type":"if","locations":[{"start":{"line":389,"column":4},"end":{"line":391,"column":5}}]},"38":{"loc":{"start":{"line":394,"column":4},"end":{"line":399,"column":5}},"type":"if","locations":[{"start":{"line":394,"column":4},"end":{"line":399,"column":5}}]},"39":{"loc":{"start":{"line":405,"column":4},"end":{"line":407,"column":5}},"type":"if","locations":[{"start":{"line":405,"column":4},"end":{"line":407,"column":5}}]},"40":{"loc":{"start":{"line":415,"column":4},"end":{"line":417,"column":5}},"type":"if","locations":[{"start":{"line":415,"column":4},"end":{"line":417,"column":5}}]},"41":{"loc":{"start":{"line":422,"column":4},"end":{"line":424,"column":5}},"type":"if","locations":[{"start":{"line":422,"column":4},"end":{"line":424,"column":5}}]},"42":{"loc":{"start":{"line":432,"column":4},"end":{"line":434,"column":5}},"type":"if","locations":[{"start":{"line":432,"column":4},"end":{"line":434,"column":5}}]},"43":{"loc":{"start":{"line":444,"column":4},"end":{"line":446,"column":5}},"type":"if","locations":[{"start":{"line":444,"column":4},"end":{"line":446,"column":5}}]},"44":{"loc":{"start":{"line":454,"column":6},"end":{"line":456,"column":7}},"type":"if","locations":[{"start":{"line":454,"column":6},"end":{"line":456,"column":7}}]},"45":{"loc":{"start":{"line":480,"column":6},"end":{"line":490,"column":7}},"type":"switch","locations":[{"start":{"line":481,"column":8},"end":{"line":483,"column":16}},{"start":{"line":484,"column":8},"end":{"line":486,"column":16}},{"start":{"line":487,"column":8},"end":{"line":489,"column":16}}]},"46":{"loc":{"start":{"line":506,"column":4},"end":{"line":508,"column":5}},"type":"if","locations":[{"start":{"line":506,"column":4},"end":{"line":508,"column":5}}]},"47":{"loc":{"start":{"line":517,"column":6},"end":{"line":519,"column":7}},"type":"if","locations":[{"start":{"line":517,"column":6},"end":{"line":519,"column":7}}]},"48":{"loc":{"start":{"line":521,"column":6},"end":{"line":523,"column":7}},"type":"if","locations":[{"start":{"line":521,"column":6},"end":{"line":523,"column":7}}]},"49":{"loc":{"start":{"line":527,"column":6},"end":{"line":531,"column":7}},"type":"if","locations":[{"start":{"line":527,"column":6},"end":{"line":531,"column":7}}]}},"s":{"0":1,"1":1,"2":1,"3":1,"4":5,"5":5,"6":5,"7":1,"8":31,"9":11816948,"10":199970,"11":199970,"12":3672855,"13":1200044,"14":3572885,"15":3572885,"16":100000,"17":100000,"18":199970,"19":199970,"20":199970,"21":199970,"22":99966,"23":199970,"24":49957,"25":199970,"26":100000,"27":99970,"28":99970,"29":4871118,"30":4871118,"31":4871118,"32":4714725,"33":156393,"34":147992,"35":8401,"36":1200044,"37":1200044,"38":100004,"39":100004,"40":4,"41":100000,"42":100000,"43":100000,"44":100004,"45":100004,"46":100004,"47":5000293542,"48":100004,"49":100004,"50":100004,"51":0,"52":100004,"53":21,"54":0,"55":0,"56":7,"57":31,"58":31,"59":31,"60":1100045,"61":1100045,"62":2,"63":1100043,"64":1100043,"65":1100043,"66":10,"67":1,"68":1100042,"69":1100042,"70":9,"71":9,"72":9,"73":1100042,"74":1100042,"75":1100042,"76":1100042,"77":21,"78":21,"79":21,"80":1,"81":20,"82":20,"83":8,"84":8,"85":20,"86":13,"87":7,"88":7,"89":15,"90":15,"91":2,"92":13,"93":4,"94":9,"95":3,"96":3,"97":9,"98":7,"99":7,"100":1,"101":6,"102":1,"103":1,"104":0,"105":0,"106":0,"107":6,"108":9,"109":9,"110":1,"111":8,"112":8,"113":5,"114":5,"115":100001,"116":100001,"117":0,"118":100001,"119":100001,"120":100001,"121":1,"122":1,"123":0,"124":1,"125":1,"126":1,"127":1,"128":1,"129":1,"130":0,"131":1,"132":0,"133":1,"134":0,"135":1,"136":1,"137":1,"138":1,"139":1,"140":0,"141":1,"142":1,"143":1,"144":1,"145":1,"146":1,"147":0,"148":1,"149":3,"150":3,"151":1,"152":2,"153":2,"154":1,"155":1,"156":1,"157":2,"158":4,"159":4,"160":4,"161":4,"162":4,"163":4,"164":1000003,"165":1000002,"166":1000002,"167":1,"168":1,"169":0,"170":0,"171":4,"172":1,"173":0,"174":1,"175":1,"176":1,"177":1,"178":1,"179":0,"180":1,"181":0,"182":1,"183":1,"184":1,"185":1,"186":0,"187":1,"188":1,"189":1},"f":{"0":1,"1":5,"2":11816948,"3":199970,"4":199970,"5":3672855,"6":1200044,"7":100000,"8":4871118,"9":1200044,"10":100004,"11":100004,"12":21,"13":0,"14":0,"15":7,"16":1100045,"17":21,"18":8,"19":3,"20":1,"21":9,"22":100001,"23":1,"24":1,"25":1,"26":1,"27":3,"28":4,"29":4,"30":1,"31":1},"b":{"0":[1,1],"1":[4772929,4671178],"2":[99966],"3":[199970,99970],"4":[49957],"5":[199970,99970],"6":[100000],"7":[4714725],"8":[147992],"9":[4],"10":[100004],"11":[0],"12":[20,1],"13":[1100045,1],"14":[2],"15":[1100043,1100043],"16":[1100043,1100033],"17":[1],"18":[9],"19":[1],"20":[20,20,19,15],"21":[8,8],"22":[13],"23":[2],"24":[15,15],"25":[4],"26":[3,3],"27":[7],"28":[1],"29":[1],"30":[0],"31":[1],"32":[5],"33":[5,5],"34":[0],"35":[0],"36":[0],"37":[0],"38":[0],"39":[1],"40":[0],"41":[1],"42":[0],"43":[1],"44":[1],"45":[1000002,1,0],"46":[0],"47":[0],"48":[0],"49":[1]}}
}
