TN:
SF:src/index.ts
FN:1,(anonymous_0)
FN:1,(anonymous_1)
FN:1,(anonymous_2)
FNF:3
FNH:0
FNDA:0,(anonymous_0)
FNDA:0,(anonymous_1)
FNDA:0,(anonymous_2)
DA:1,0
LF:1
LH:0
BRF:0
BRH:0
end_of_record
TN:
SF:src/scheduler.ts
FN:4,(anonymous_0)
FN:27,(anonymous_1)
FN:65,(anonymous_2)
FN:69,(anonymous_3)
FN:73,(anonymous_4)
FN:77,(anonymous_5)
FN:81,(anonymous_6)
FN:88,(anonymous_7)
FN:112,(anonymous_8)
FN:125,(anonymous_9)
FN:130,(anonymous_10)
FN:143,(anonymous_11)
FN:158,(anonymous_12)
FN:162,(anonymous_13)
FN:166,(anonymous_14)
FN:170,(anonymous_15)
FN:193,(anonymous_16)
FN:250,(anonymous_17)
FN:266,(anonymous_18)
FN:291,(anonymous_19)
FN:307,(anonymous_20)
FN:319,(anonymous_21)
FN:340,(anonymous_22)
FN:361,(anonymous_23)
FN:382,(anonymous_24)
FN:413,(anonymous_25)
FN:430,(anonymous_26)
FN:442,(anonymous_27)
FN:466,(anonymous_28)
FN:474,(anonymous_29)
FN:504,(anonymous_30)
FN:540,(anonymous_31)
FNF:32
FNH:30
FNDA:1,(anonymous_0)
FNDA:5,(anonymous_1)
FNDA:11816948,(anonymous_2)
FNDA:199970,(anonymous_3)
FNDA:199970,(anonymous_4)
FNDA:3672855,(anonymous_5)
FNDA:1200044,(anonymous_6)
FNDA:100000,(anonymous_7)
FNDA:4871118,(anonymous_8)
FNDA:1200044,(anonymous_9)
FNDA:100004,(anonymous_10)
FNDA:100004,(anonymous_11)
FNDA:21,(anonymous_12)
FNDA:0,(anonymous_13)
FNDA:0,(anonymous_14)
FNDA:7,(anonymous_15)
FNDA:1100045,(anonymous_16)
FNDA:21,(anonymous_17)
FNDA:8,(anonymous_18)
FNDA:3,(anonymous_19)
FNDA:1,(anonymous_20)
FNDA:9,(anonymous_21)
FNDA:100001,(anonymous_22)
FNDA:1,(anonymous_23)
FNDA:1,(anonymous_24)
FNDA:1,(anonymous_25)
FNDA:1,(anonymous_26)
FNDA:3,(anonymous_27)
FNDA:4,(anonymous_28)
FNDA:4,(anonymous_29)
FNDA:1,(anonymous_30)
FNDA:1,(anonymous_31)
DA:4,1
DA:5,1
DA:6,1
DA:7,1
DA:26,1
DA:27,5
DA:28,5
DA:29,5
DA:63,31
DA:66,11816948
DA:70,199970
DA:74,199970
DA:78,3672855
DA:82,1200044
DA:83,3572885
DA:84,3572885
DA:89,100000
DA:90,100000
DA:91,199970
DA:92,199970
DA:93,199970
DA:95,199970
DA:96,99966
DA:98,199970
DA:99,49957
DA:102,199970
DA:104,99970
DA:105,99970
DA:113,4871118
DA:114,4871118
DA:116,4871118
DA:117,4714725
DA:119,156393
DA:120,147992
DA:122,8401
DA:126,1200044
DA:127,1200044
DA:131,100004
DA:132,100004
DA:133,4
DA:136,100000
DA:137,100000
DA:140,100000
DA:145,100004
DA:146,100004
DA:147,5000293542
DA:148,100004
DA:149,100004
DA:153,100004
DA:155,100004
DA:159,21
DA:163,0
DA:167,0
DA:171,7
DA:185,1
DA:186,31
DA:187,31
DA:188,31
DA:194,1100045
DA:196,1100045
DA:197,2
DA:200,1100043
DA:201,1100043
DA:210,1100043
DA:211,10
DA:212,1
DA:217,1100042
DA:223,1100042
DA:224,9
DA:225,9
DA:226,9
DA:230,1100042
DA:235,1100042
DA:236,1100042
DA:243,1100042
DA:251,21
DA:257,21
DA:258,21
DA:260,20
DA:262,20
DA:267,8
DA:268,8
DA:272,20
DA:273,13
DA:278,7
DA:280,7
DA:281,15
DA:282,15
DA:283,2
DA:286,13
DA:287,4
DA:290,9
DA:292,3
DA:293,3
DA:297,9
DA:298,7
DA:302,7
DA:303,1
DA:307,6
DA:308,1
DA:309,0
DA:310,0
DA:313,6
DA:320,9
DA:321,9
DA:322,1
DA:325,8
DA:328,8
DA:329,5
DA:330,5
DA:341,100001
DA:342,100001
DA:343,0
DA:346,100001
DA:349,100001
DA:350,100001
DA:362,1
DA:363,1
DA:364,0
DA:367,1
DA:370,1
DA:371,1
DA:383,1
DA:384,1
DA:386,1
DA:387,0
DA:389,1
DA:390,0
DA:394,1
DA:395,0
DA:401,1
DA:402,1
DA:405,1
DA:414,1
DA:415,1
DA:416,0
DA:419,1
DA:421,1
DA:422,1
DA:423,1
DA:431,1
DA:432,1
DA:433,0
DA:436,1
DA:443,3
DA:444,3
DA:445,1
DA:449,2
DA:452,2
DA:453,1
DA:454,1
DA:455,1
DA:460,2
DA:467,4
DA:468,4
DA:475,4
DA:476,4
DA:477,4
DA:479,4
DA:480,1000003
DA:482,1000002
DA:483,1000002
DA:485,1
DA:486,1
DA:488,0
DA:489,0
DA:493,4
DA:506,1
DA:507,0
DA:511,1
DA:512,1
DA:514,1
DA:515,1
DA:517,1
DA:518,0
DA:521,1
DA:522,0
DA:524,1
DA:526,1
DA:527,1
DA:528,1
DA:529,0
DA:534,1
DA:541,1
LF:184
LH:167
BRDA:4,0,0,1
BRDA:4,0,1,1
BRDA:82,1,0,4772929
BRDA:82,1,1,4671178
BRDA:95,2,0,99966
BRDA:95,3,0,199970
BRDA:95,3,1,99970
BRDA:98,4,0,49957
BRDA:98,5,0,199970
BRDA:98,5,1,99970
BRDA:102,6,0,100000
BRDA:116,7,0,4714725
BRDA:119,8,0,147992
BRDA:132,9,0,4
BRDA:147,10,0,100004
BRDA:153,11,0,0
BRDA:159,12,0,20
BRDA:159,12,1,1
BRDA:194,13,0,1100045
BRDA:194,13,1,1
BRDA:196,14,0,2
BRDA:205,15,0,1100043
BRDA:205,15,1,1100043
BRDA:206,16,0,1100043
BRDA:206,16,1,1100033
BRDA:211,17,0,1
BRDA:225,18,0,9
BRDA:258,19,0,1
BRDA:262,20,0,20
BRDA:262,20,1,20
BRDA:262,20,2,19
BRDA:262,20,3,15
BRDA:268,21,0,8
BRDA:268,21,1,8
BRDA:272,22,0,13
BRDA:282,23,0,2
BRDA:282,24,0,15
BRDA:282,24,1,15
BRDA:286,25,0,4
BRDA:293,26,0,3
BRDA:293,26,1,3
BRDA:297,27,0,7
BRDA:302,28,0,1
BRDA:308,29,0,1
BRDA:309,30,0,0
BRDA:321,31,0,1
BRDA:330,32,0,5
BRDA:330,33,0,5
BRDA:330,33,1,5
BRDA:342,34,0,0
BRDA:363,35,0,0
BRDA:386,36,0,0
BRDA:389,37,0,0
BRDA:394,38,0,0
BRDA:405,39,0,1
BRDA:415,40,0,0
BRDA:422,41,0,1
BRDA:432,42,0,0
BRDA:444,43,0,1
BRDA:454,44,0,1
BRDA:480,45,0,1000002
BRDA:480,45,1,1
BRDA:480,45,2,0
BRDA:506,46,0,0
BRDA:517,47,0,0
BRDA:521,48,0,0
BRDA:527,49,0,1
BRF:67
BRH:54
end_of_record
